[debug] [2022-10-01T17:05:05.818Z] ----------------------------------------------------------------------
[debug] [2022-10-01T17:05:05.820Z] Command:       C:\Program Files\nodejs\node.exe C:\Users\Sumeet\AppData\Roaming\npm\node_modules\firebase-tools\lib\bin\firebase.js emulators:start
[debug] [2022-10-01T17:05:05.820Z] CLI Version:   11.13.0
[debug] [2022-10-01T17:05:05.820Z] Platform:      win32
[debug] [2022-10-01T17:05:05.820Z] Node Version:  v18.4.0
[debug] [2022-10-01T17:05:05.821Z] Time:          Sat Oct 01 2022 22:35:05 GMT+0530 (India Standard Time)
[debug] [2022-10-01T17:05:05.821Z] ----------------------------------------------------------------------
[debug] 
[debug] [2022-10-01T17:05:05.934Z] > command requires scopes: ["email","openid","https://www.googleapis.com/auth/cloudplatformprojects.readonly","https://www.googleapis.com/auth/firebase","https://www.googleapis.com/auth/cloud-platform"]
[debug] [2022-10-01T17:05:05.935Z] > authorizing via signed-in user (desaisumeet02@gmail.com)
[info] i  emulators: Starting emulators: functions {"metadata":{"emulator":{"name":"hub"},"message":"Starting emulators: functions"}}
[debug] [2022-10-01T17:05:05.957Z] [hub] writing locator at C:\Users\Sumeet\AppData\Local\Temp\hub-clone-828b7.json
[warn] !  functions: The following emulators are not running, calls to these services from the Functions emulator will affect production: auth, firestore, database, hosting, pubsub, storage, eventarc {"metadata":{"emulator":{"name":"functions"},"message":"The following emulators are not running, calls to these services from the Functions emulator will affect production: \u001b[1mauth, firestore, database, hosting, pubsub, storage, eventarc\u001b[22m"}}
[warn] !  Your requested "node" version "16" doesn't match your global version "18". Using node@18 from host. {"metadata":{"emulator":{"name":"functions"},"message":"Your requested \"node\" version \"16\" doesn't match your global version \"18\". Using node@18 from host."}}
[debug] [2022-10-01T17:05:06.055Z] defaultcredentials: writing to file C:\Users\Sumeet\AppData\Roaming\firebase\desaisumeet02_gmail_com_application_default_credentials.json
[debug] [2022-10-01T17:05:06.072Z] Setting GAC to C:\Users\Sumeet\AppData\Roaming\firebase\desaisumeet02_gmail_com_application_default_credentials.json {"metadata":{"emulator":{"name":"functions"},"message":"Setting GAC to C:\\Users\\Sumeet\\AppData\\Roaming\\firebase\\desaisumeet02_gmail_com_application_default_credentials.json"}}
[debug] [2022-10-01T17:05:06.074Z] > refreshing access token with scopes: []
[debug] [2022-10-01T17:05:06.075Z] >>> [apiv2][query] POST https://www.googleapis.com/oauth2/v3/token [none]
[debug] [2022-10-01T17:05:06.076Z] >>> [apiv2][body] POST https://www.googleapis.com/oauth2/v3/token [omitted]
[debug] [2022-10-01T17:05:06.337Z] <<< [apiv2][status] POST https://www.googleapis.com/oauth2/v3/token 200
[debug] [2022-10-01T17:05:06.338Z] <<< [apiv2][body] POST https://www.googleapis.com/oauth2/v3/token [omitted]
[debug] [2022-10-01T17:05:06.348Z] >>> [apiv2][query] GET https://firebase.googleapis.com/v1beta1/projects/clone-828b7/adminSdkConfig [none]
[debug] [2022-10-01T17:05:07.060Z] <<< [apiv2][status] GET https://firebase.googleapis.com/v1beta1/projects/clone-828b7/adminSdkConfig 200
[debug] [2022-10-01T17:05:07.060Z] <<< [apiv2][body] GET https://firebase.googleapis.com/v1beta1/projects/clone-828b7/adminSdkConfig {"projectId":"clone-828b7","storageBucket":"clone-828b7.appspot.com"}
[debug] [2022-10-01T17:05:07.088Z] Ignoring unsupported arg: auto_download {"metadata":{"emulator":{"name":"ui"},"message":"Ignoring unsupported arg: auto_download"}}
[debug] [2022-10-01T17:05:07.088Z] Ignoring unsupported arg: port {"metadata":{"emulator":{"name":"ui"},"message":"Ignoring unsupported arg: port"}}
[debug] [2022-10-01T17:05:07.088Z] Starting Emulator UI with command {"binary":"node","args":["C:\\Users\\Sumeet\\.cache\\firebase\\emulators\\ui-v1.9.0\\server\\server.js"],"optionalArgs":[],"joinArgs":false} {"metadata":{"emulator":{"name":"ui"},"message":"Starting Emulator UI with command {\"binary\":\"node\",\"args\":[\"C:\\\\Users\\\\Sumeet\\\\.cache\\\\firebase\\\\emulators\\\\ui-v1.9.0\\\\server\\\\server.js\"],\"optionalArgs\":[],\"joinArgs\":false}"}}
[info] i  ui: Emulator UI logging to ui-debug.log {"metadata":{"emulator":{"name":"ui"},"message":"Emulator UI logging to \u001b[1mui-debug.log\u001b[22m"}}
[debug] [2022-10-01T17:05:07.246Z] Web / API server started at localhost:4000
 {"metadata":{"emulator":{"name":"ui"},"message":"Web / API server started at localhost:4000\n"}}
[info] i  functions: Watching "G:\New folder (16)\bookingapp\functions" for Cloud Functions... {"metadata":{"emulator":{"name":"functions"},"message":"Watching \"G:\\New folder (16)\\bookingapp\\functions\" for Cloud Functions..."}}
[debug] [2022-10-01T17:05:07.369Z] Validating nodejs source
[debug] [2022-10-01T17:05:11.539Z] > [functions] package.json contents: {
  "name": "functions",
  "description": "Cloud Functions for Firebase",
  "scripts": {
    "lint": "eslint .",
    "serve": "firebase emulators:start --only functions",
    "shell": "firebase functions:shell",
    "start": "npm run shell",
    "deploy": "firebase deploy --only functions",
    "logs": "firebase functions:log"
  },
  "engines": {
    "node": "16"
  },
  "main": "index.js",
  "dependencies": {
    "cors": "^2.8.5",
    "express": "^4.18.1",
    "firebase-admin": "^10.0.2",
    "firebase-functions": "^3.18.0",
    "stripe": "^10.12.0"
  },
  "devDependencies": {
    "eslint": "^8.9.0",
    "eslint-config-google": "^0.14.0",
    "firebase-functions-test": "^0.2.0"
  },
  "private": true
}
[debug] [2022-10-01T17:05:11.540Z] Building nodejs source
[debug] [2022-10-01T17:05:11.540Z] Analyzing nodejs backend spec
[debug] [2022-10-01T17:05:11.541Z] Could not find functions.yaml. Must use http discovery
[debug] [2022-10-01T17:05:14.193Z] Serving at port 9005

[debug] [2022-10-01T17:05:15.812Z] Got response from /__/functions.yaml {"endpoints":{"api":{"platform":"gcfv1","httpsTrigger":{},"entryPoint":"api"}},"specVersion":"v1alpha1","requiredAPIs":[]}
[debug] [2022-10-01T17:05:15.831Z] shutdown requested via /__/quitquitquit

[info] +  functions: Loaded functions definitions from source: api. {"metadata":{"emulator":{"name":"functions"},"message":"Loaded functions definitions from source: api."}}
[info] +  functions[us-central1-api]: http function initialized (http://localhost:5001/clone-828b7/us-central1/api). {"metadata":{"emulator":{"name":"functions"},"message":"\u001b[1mhttp\u001b[22m function initialized (http://localhost:5001/clone-828b7/us-central1/api)."}}
[info] 
┌─────────────────────────────────────────────────────────────┐
│ ✔  All emulators ready! It is now safe to connect your app. │
│ i  View Emulator UI at http://localhost:4000                │
└─────────────────────────────────────────────────────────────┘

┌───────────┬────────────────┬─────────────────────────────────┐
│ Emulator  │ Host:Port      │ View in Emulator UI             │
├───────────┼────────────────┼─────────────────────────────────┤
│ Functions │ localhost:5001 │ http://localhost:4000/functions │
└───────────┴────────────────┴─────────────────────────────────┘
  Emulator Hub running at localhost:4400
  Other reserved ports: 4500

Issues? Report them at https://github.com/firebase/firebase-tools/issues and attach the *-debug.log files.
 
